<?xml version="1.0" encoding="utf-8"?><testsuites name="pytest tests"><testsuite name="pytest" errors="0" failures="1" skipped="0" tests="3" time="0.310" timestamp="2025-12-15T19:21:52.969996-03:00" hostname="DESKTOP-H5322GF"><testcase classname="tests.test_multiplicacion" name="test_Multiplicacion" time="0.002" /><testcase classname="tests.test_suma" name="test_suma" time="0.002" /><testcase classname="tests.test_suma" name="test_suma_error" time="0.002"><failure message="assert 3 == 4&#10; +  where 3 = suma(1, 2)">def test_suma_error():
&gt;        assert suma(1,2)==4
E        assert 3 == 4
E         +  where 3 = suma(1, 2)

tests\test_suma.py:13: AssertionError</failure></testcase></testsuite></testsuites>